<?xml version="1.0" encoding="UTF-8"?>
<testsuite name="com.example.service.ProductServiceTest" tests="6" skipped="0" failures="0" errors="0" timestamp="2026-04-13T09:10:23" hostname="5c4a6b10d809" time="0.052">
  <properties/>
  <testcase name="deleteProduct should invalidate cache after delete()" classname="com.example.service.ProductServiceTest" time="0.01"/>
  <testcase name="getProduct should fetch from DB and cache if not in cache()" classname="com.example.service.ProductServiceTest" time="0.015"/>
  <testcase name="getProduct should return cached product if available()" classname="com.example.service.ProductServiceTest" time="0.005"/>
  <testcase name="updateProduct should invalidate cache after update()" classname="com.example.service.ProductServiceTest" time="0.006"/>
  <testcase name="addProduct should create and return product()" classname="com.example.service.ProductServiceTest" time="0.005"/>
  <testcase name="getProducts should return all products from repository()" classname="com.example.service.ProductServiceTest" time="0.003"/>
  <system-out><![CDATA[]]></system-out>
  <system-err><![CDATA[]]></system-err>
</testsuite>
